[Ljava.lang.StackTraceElement;@cceed02
Get value name org.jetbrains.kotlin.ir.declarations.persistent.PersistentIrValueParameter@8a4241 GET_VAR 'name: kotlin.String declared in <root>.WelcomeState.<init>' type=kotlin.String origin=INITIALIZE_PROPERTY_FROM_PARAMETER
 
saving variable name org.jetbrains.kotlin.ir.declarations.persistent.PersistentIrField@8a4244 null
Get value other org.jetbrains.kotlin.ir.declarations.persistent.PersistentIrValueParameter@8a425a GET_VAR 'other: kotlin.Any? declared in <root>.WelcomeState.equals' type=kotlin.Any? origin=null
 
saving variable tmp0_other_with_cast org.jetbrains.kotlin.ir.declarations.impl.IrVariableImpl@63b409dd null
saving variable propColor org.jetbrains.kotlin.ir.declarations.persistent.PersistentIrField@8a4261 #222222
saving variable varColor org.jetbrains.kotlin.ir.declarations.impl.IrVariableImpl@320f6168 #e0eeff
saving variable varColor org.jetbrains.kotlin.ir.declarations.impl.IrVariableImpl@320f6168 #ffffff
Get value $this$css org.jetbrains.kotlin.ir.declarations.persistent.PersistentIrValueParameter@8a4270 GET_VAR '$this$css: kotlinx.css.CssBuilder declared in <root>.Welcome.render.<anonymous>.<anonymous>' type=kotlinx.css.CssBuilder origin=null
 
Get value varColor org.jetbrains.kotlin.ir.declarations.impl.IrVariableImpl@320f6168 GET_VAR 'var varColor: kotlinx.css.Color [var] declared in <root>.Welcome.render' type=kotlinx.css.Color origin=null
 
Got value varColor #ffffff
Get value $this$css org.jetbrains.kotlin.ir.declarations.persistent.PersistentIrValueParameter@8a4270 GET_VAR '$this$css: kotlinx.css.CssBuilder declared in <root>.Welcome.render.<anonymous>.<anonymous>' type=kotlinx.css.CssBuilder origin=null
 
Get value <this> org.jetbrains.kotlin.ir.declarations.persistent.PersistentIrValueParameter@8a4269 GET_VAR '<this>: <root>.Welcome declared in <root>.Welcome.render' type=<root>.Welcome origin=null
 
Method not found: <set-color> with values background-color: #ffffff;

java.util.NoSuchElementException: Array contains no element matching the predicate.
	at styled.compiler.plugins.kotlin.visitors.CssTransformerKt.invokeMethod(CssTransformer.kt:140)
	at styled.compiler.plugins.kotlin.visitors.CssTransformer.visitCall(CssTransformer.kt:81)
	at styled.compiler.plugins.kotlin.visitors.CssTransformer.visitCall(CssTransformer.kt:41)
	at org.jetbrains.kotlin.ir.expressions.impl.IrCallImpl.accept(IrCallImpl.kt:47)
	at org.jetbrains.kotlin.ir.expressions.IrExpression.transform(IrExpression.kt:33)
	at org.jetbrains.kotlin.ir.expressions.IrExpression.transform(IrExpression.kt:26)
	at org.jetbrains.kotlin.ir.expressions.IrBlockBody.transformChildren(IrBody.kt:62)
	at org.jetbrains.kotlin.ir.visitors.IrElementTransformer$DefaultImpls.visitBody(IrElementTransformer.kt:66)
	at styled.compiler.plugins.kotlin.visitors.CssTransformer.visitBody(CssTransformer.kt:41)
	at styled.compiler.plugins.kotlin.visitors.CssTransformer.visitBody(CssTransformer.kt:41)
	at org.jetbrains.kotlin.ir.visitors.IrElementTransformer$DefaultImpls.visitBlockBody(IrElementTransformer.kt:71)
	at styled.compiler.plugins.kotlin.visitors.CssTransformer.visitBlockBody(CssTransformer.kt:41)
	at styled.compiler.plugins.kotlin.visitors.CssTransformer.visitBlockBody(CssTransformer.kt:41)
	at org.jetbrains.kotlin.ir.expressions.IrBlockBody.accept(IrBody.kt:54)
	at org.jetbrains.kotlin.ir.expressions.IrBody.transform(IrBody.kt:27)
	at org.jetbrains.kotlin.ir.declarations.IrFunction.transformChildren(IrFunction.kt:68)
	at org.jetbrains.kotlin.ir.visitors.IrElementTransformer$DefaultImpls.visitDeclaration(IrElementTransformer.kt:46)
	at styled.compiler.plugins.kotlin.visitors.CssTransformer.visitDeclaration(CssTransformer.kt:41)
	at styled.compiler.plugins.kotlin.visitors.CssTransformer.visitDeclaration(CssTransformer.kt:41)
	at org.jetbrains.kotlin.ir.visitors.IrElementTransformer$DefaultImpls.visitFunction(IrElementTransformer.kt:52)
	at styled.compiler.plugins.kotlin.visitors.CssTransformer.visitFunction(CssTransformer.kt:41)
	at styled.compiler.plugins.kotlin.visitors.CssTransformer.visitFunction(CssTransformer.kt:41)
	at org.jetbrains.kotlin.ir.visitors.IrElementTransformer$DefaultImpls.visitSimpleFunction(IrElementTransformer.kt:53)
	at styled.compiler.plugins.kotlin.visitors.CssTransformer.visitSimpleFunction(CssTransformer.kt:41)
	at styled.compiler.plugins.kotlin.visitors.CssTransformer.visitSimpleFunction(CssTransformer.kt:41)
	at org.jetbrains.kotlin.ir.declarations.IrSimpleFunction.accept(IrSimpleFunction.kt:28)
	at org.jetbrains.kotlin.ir.IrElement$DefaultImpls.transform(IrElement.kt:32)
	at org.jetbrains.kotlin.ir.IrElementBase.transform(IrElementBase.kt:19)
	at org.jetbrains.kotlin.ir.expressions.impl.IrFunctionExpressionImpl.transformChildren(IrFunctionExpressionImpl.kt:31)
	at org.jetbrains.kotlin.ir.visitors.IrElementTransformer$DefaultImpls.visitExpression(IrElementTransformer.kt:78)
	at styled.compiler.plugins.kotlin.visitors.CssTransformer.visitExpression(CssTransformer.kt:41)
	at styled.compiler.plugins.kotlin.visitors.CssTransformer.visitExpression(CssTransformer.kt:41)
	at org.jetbrains.kotlin.ir.visitors.IrElementTransformer$DefaultImpls.visitFunctionExpression(IrElementTransformer.kt:121)
	at styled.compiler.plugins.kotlin.visitors.CssTransformer.visitFunctionExpression(CssTransformer.kt:41)
	at styled.compiler.plugins.kotlin.visitors.CssTransformer.visitFunctionExpression(CssTransformer.kt:41)
	at org.jetbrains.kotlin.ir.expressions.impl.IrFunctionExpressionImpl.accept(IrFunctionExpressionImpl.kt:23)
	at org.jetbrains.kotlin.ir.expressions.IrExpression.transform(IrExpression.kt:33)
	at org.jetbrains.kotlin.ir.expressions.IrFunctionAccessExpression.transformChildren(IrFunctionAccessExpression.kt:48)
	at styled.compiler.plugins.kotlin.visitors.CssTransformer$visitCall$str$1.invoke(CssTransformer.kt:67)
	at styled.compiler.plugins.kotlin.visitors.CssTransformer$visitCall$str$1.invoke(CssTransformer.kt:66)
	at styled.compiler.plugins.kotlin.visitors.CssTransformer.collectCss(CssTransformer.kt:46)
	at styled.compiler.plugins.kotlin.visitors.CssTransformer.visitCall(CssTransformer.kt:66)
	at styled.compiler.plugins.kotlin.visitors.CssTransformer.visitCall(CssTransformer.kt:41)
	at org.jetbrains.kotlin.ir.expressions.impl.IrCallImpl.accept(IrCallImpl.kt:47)
	at org.jetbrains.kotlin.ir.expressions.IrExpression.transform(IrExpression.kt:33)
	at styled.compiler.plugins.kotlin.visitors.TreeVisitor.visitCall(TreeVisitor.kt:34)
	at styled.compiler.plugins.kotlin.visitors.TreeVisitor.visitCall(TreeVisitor.kt:17)
	at org.jetbrains.kotlin.ir.expressions.impl.IrCallImpl.accept(IrCallImpl.kt:47)
	at org.jetbrains.kotlin.ir.expressions.IrBlockBody.acceptChildren(IrBody.kt:57)
	at styled.compiler.plugins.kotlin.visitors.TreeVisitor.visitElement(TreeVisitor.kt:58)
	at styled.compiler.plugins.kotlin.visitors.TreeVisitor.visitElement(TreeVisitor.kt:17)
	at org.jetbrains.kotlin.ir.visitors.IrElementVisitor$DefaultImpls.visitBody(IrElementVisitor.kt:46)
	at styled.compiler.plugins.kotlin.visitors.AbstractTreeVisitor.visitBody(AbstractTreeVisitor.kt:15)
	at styled.compiler.plugins.kotlin.visitors.AbstractTreeVisitor.visitBody(AbstractTreeVisitor.kt:15)
	at org.jetbrains.kotlin.ir.visitors.IrElementVisitor$DefaultImpls.visitBlockBody(IrElementVisitor.kt:48)
	at styled.compiler.plugins.kotlin.visitors.AbstractTreeVisitor.visitBlockBody(AbstractTreeVisitor.kt:15)
	at styled.compiler.plugins.kotlin.visitors.AbstractTreeVisitor.visitBlockBody(AbstractTreeVisitor.kt:15)
	at org.jetbrains.kotlin.ir.expressions.IrBlockBody.accept(IrBody.kt:54)
	at org.jetbrains.kotlin.ir.declarations.IrFunction.acceptChildren(IrFunction.kt:58)
	at styled.compiler.plugins.kotlin.visitors.TreeVisitor.visitElement(TreeVisitor.kt:58)
	at styled.compiler.plugins.kotlin.visitors.TreeVisitor.visitElement(TreeVisitor.kt:17)
	at org.jetbrains.kotlin.ir.visitors.IrElementVisitor$DefaultImpls.visitDeclaration(IrElementVisitor.kt:31)
	at styled.compiler.plugins.kotlin.visitors.AbstractTreeVisitor.visitDeclaration(AbstractTreeVisitor.kt:15)
	at styled.compiler.plugins.kotlin.visitors.AbstractTreeVisitor.visitDeclaration(AbstractTreeVisitor.kt:15)
	at org.jetbrains.kotlin.ir.visitors.IrElementVisitor$DefaultImpls.visitFunction(IrElementVisitor.kt:33)
	at styled.compiler.plugins.kotlin.visitors.AbstractTreeVisitor.visitFunction(AbstractTreeVisitor.kt:15)
	at styled.compiler.plugins.kotlin.visitors.AbstractTreeVisitor.visitFunction(AbstractTreeVisitor.kt:15)
	at org.jetbrains.kotlin.ir.visitors.IrElementVisitor$DefaultImpls.visitSimpleFunction(IrElementVisitor.kt:34)
	at styled.compiler.plugins.kotlin.visitors.AbstractTreeVisitor.visitSimpleFunction(AbstractTreeVisitor.kt:15)
	at styled.compiler.plugins.kotlin.visitors.AbstractTreeVisitor.visitSimpleFunction(AbstractTreeVisitor.kt:15)
	at org.jetbrains.kotlin.ir.declarations.IrSimpleFunction.accept(IrSimpleFunction.kt:28)
	at org.jetbrains.kotlin.ir.expressions.impl.IrFunctionExpressionImpl.acceptChildren(IrFunctionExpressionImpl.kt:27)
	at styled.compiler.plugins.kotlin.visitors.TreeVisitor.visitElement(TreeVisitor.kt:58)
	at styled.compiler.plugins.kotlin.visitors.TreeVisitor.visitElement(TreeVisitor.kt:17)
	at org.jetbrains.kotlin.ir.visitors.IrElementVisitor$DefaultImpls.visitExpression(IrElementVisitor.kt:54)
	at styled.compiler.plugins.kotlin.visitors.AbstractTreeVisitor.visitExpression(AbstractTreeVisitor.kt:15)
	at styled.compiler.plugins.kotlin.visitors.AbstractTreeVisitor.visitExpression(AbstractTreeVisitor.kt:15)
	at org.jetbrains.kotlin.ir.visitors.IrElementVisitor$DefaultImpls.visitFunctionExpression(IrElementVisitor.kt:91)
	at styled.compiler.plugins.kotlin.visitors.AbstractTreeVisitor.visitFunctionExpression(AbstractTreeVisitor.kt:15)
	at styled.compiler.plugins.kotlin.visitors.AbstractTreeVisitor.visitFunctionExpression(AbstractTreeVisitor.kt:15)
	at org.jetbrains.kotlin.ir.expressions.impl.IrFunctionExpressionImpl.accept(IrFunctionExpressionImpl.kt:23)
	at org.jetbrains.kotlin.ir.expressions.IrFunctionAccessExpression.acceptChildren(IrFunctionAccessExpression.kt:42)
	at styled.compiler.plugins.kotlin.visitors.TreeVisitor.visitElement(TreeVisitor.kt:58)
	at styled.compiler.plugins.kotlin.visitors.TreeVisitor.visitElement(TreeVisitor.kt:17)
	at org.jetbrains.kotlin.ir.visitors.IrElementVisitor$DefaultImpls.visitExpression(IrElementVisitor.kt:54)
	at styled.compiler.plugins.kotlin.visitors.AbstractTreeVisitor.visitExpression(AbstractTreeVisitor.kt:15)
	at styled.compiler.plugins.kotlin.visitors.AbstractTreeVisitor.visitExpression(AbstractTreeVisitor.kt:15)
	at org.jetbrains.kotlin.ir.visitors.IrElementVisitor$DefaultImpls.visitMemberAccess(IrElementVisitor.kt:75)
	at styled.compiler.plugins.kotlin.visitors.AbstractTreeVisitor.visitMemberAccess(AbstractTreeVisitor.kt:15)
	at styled.compiler.plugins.kotlin.visitors.AbstractTreeVisitor.visitMemberAccess(AbstractTreeVisitor.kt:15)
	at org.jetbrains.kotlin.ir.visitors.IrElementVisitor$DefaultImpls.visitFunctionAccess(IrElementVisitor.kt:76)
	at styled.compiler.plugins.kotlin.visitors.AbstractTreeVisitor.visitFunctionAccess(AbstractTreeVisitor.kt:15)
	at styled.compiler.plugins.kotlin.visitors.AbstractTreeVisitor.visitFunctionAccess(AbstractTreeVisitor.kt:15)
	at org.jetbrains.kotlin.ir.visitors.IrElementVisitor$DefaultImpls.visitCall(IrElementVisitor.kt:77)
	at styled.compiler.plugins.kotlin.visitors.AbstractTreeVisitor.visitCall(AbstractTreeVisitor.kt:15)
	at styled.compiler.plugins.kotlin.visitors.TreeVisitor.visitCall(TreeVisitor.kt:32)
	at styled.compiler.plugins.kotlin.visitors.TreeVisitor.visitCall(TreeVisitor.kt:17)
	at org.jetbrains.kotlin.ir.expressions.impl.IrCallImpl.accept(IrCallImpl.kt:47)
	at org.jetbrains.kotlin.ir.expressions.IrBlockBody.acceptChildren(IrBody.kt:57)
	at styled.compiler.plugins.kotlin.visitors.TreeVisitor.visitElement(TreeVisitor.kt:58)
	at styled.compiler.plugins.kotlin.visitors.TreeVisitor.visitElement(TreeVisitor.kt:17)
	at org.jetbrains.kotlin.ir.visitors.IrElementVisitor$DefaultImpls.visitBody(IrElementVisitor.kt:46)
	at styled.compiler.plugins.kotlin.visitors.AbstractTreeVisitor.visitBody(AbstractTreeVisitor.kt:15)
	at styled.compiler.plugins.kotlin.visitors.AbstractTreeVisitor.visitBody(AbstractTreeVisitor.kt:15)
	at org.jetbrains.kotlin.ir.visitors.IrElementVisitor$DefaultImpls.visitBlockBody(IrElementVisitor.kt:48)
	at styled.compiler.plugins.kotlin.visitors.AbstractTreeVisitor.visitBlockBody(AbstractTreeVisitor.kt:15)
	at styled.compiler.plugins.kotlin.visitors.AbstractTreeVisitor.visitBlockBody(AbstractTreeVisitor.kt:15)
	at org.jetbrains.kotlin.ir.expressions.IrBlockBody.accept(IrBody.kt:54)
	at org.jetbrains.kotlin.ir.declarations.IrFunction.acceptChildren(IrFunction.kt:58)
	at styled.compiler.plugins.kotlin.visitors.TreeVisitor.visitElement(TreeVisitor.kt:58)
	at styled.compiler.plugins.kotlin.visitors.TreeVisitor.visitElement(TreeVisitor.kt:17)
	at org.jetbrains.kotlin.ir.visitors.IrElementVisitor$DefaultImpls.visitDeclaration(IrElementVisitor.kt:31)
	at styled.compiler.plugins.kotlin.visitors.AbstractTreeVisitor.visitDeclaration(AbstractTreeVisitor.kt:15)
	at styled.compiler.plugins.kotlin.visitors.AbstractTreeVisitor.visitDeclaration(AbstractTreeVisitor.kt:15)
	at org.jetbrains.kotlin.ir.visitors.IrElementVisitor$DefaultImpls.visitFunction(IrElementVisitor.kt:33)
	at styled.compiler.plugins.kotlin.visitors.AbstractTreeVisitor.visitFunction(AbstractTreeVisitor.kt:15)
	at styled.compiler.plugins.kotlin.visitors.AbstractTreeVisitor.visitFunction(AbstractTreeVisitor.kt:15)
	at org.jetbrains.kotlin.ir.visitors.IrElementVisitor$DefaultImpls.visitSimpleFunction(IrElementVisitor.kt:34)
	at styled.compiler.plugins.kotlin.visitors.AbstractTreeVisitor.visitSimpleFunction(AbstractTreeVisitor.kt:15)
	at styled.compiler.plugins.kotlin.visitors.AbstractTreeVisitor.visitSimpleFunction(AbstractTreeVisitor.kt:15)
	at org.jetbrains.kotlin.ir.declarations.IrSimpleFunction.accept(IrSimpleFunction.kt:28)
	at org.jetbrains.kotlin.ir.declarations.IrClass.acceptChildren(IrClass.kt:60)
	at styled.compiler.plugins.kotlin.visitors.TreeVisitor.visitElement(TreeVisitor.kt:58)
	at styled.compiler.plugins.kotlin.visitors.TreeVisitor.visitElement(TreeVisitor.kt:17)
	at org.jetbrains.kotlin.ir.visitors.IrElementVisitor$DefaultImpls.visitDeclaration(IrElementVisitor.kt:31)
	at styled.compiler.plugins.kotlin.visitors.AbstractTreeVisitor.visitDeclaration(AbstractTreeVisitor.kt:15)
	at styled.compiler.plugins.kotlin.visitors.AbstractTreeVisitor.visitDeclaration(AbstractTreeVisitor.kt:15)
	at org.jetbrains.kotlin.ir.visitors.IrElementVisitor$DefaultImpls.visitClass(IrElementVisitor.kt:32)
	at styled.compiler.plugins.kotlin.visitors.AbstractTreeVisitor.visitClass(AbstractTreeVisitor.kt:15)
	at styled.compiler.plugins.kotlin.visitors.TreeVisitor.visitClass(TreeVisitor.kt:51)
	at styled.compiler.plugins.kotlin.visitors.TreeVisitor.visitClass(TreeVisitor.kt:17)
	at org.jetbrains.kotlin.ir.declarations.IrClass.accept(IrClass.kt:55)
	at org.jetbrains.kotlin.ir.declarations.impl.IrFileImpl.acceptChildren(IrFileImpl.kt:84)
	at styled.compiler.plugins.kotlin.visitors.TreeVisitor.visitFile(TreeVisitor.kt:28)
	at styled.compiler.plugins.kotlin.visitors.TreeVisitor.visitFile(TreeVisitor.kt:17)
	at org.jetbrains.kotlin.ir.declarations.impl.IrFileImpl.accept(IrFileImpl.kt:81)
	at org.jetbrains.kotlin.ir.declarations.impl.IrModuleFragmentImpl.acceptChildren(IrModuleFragmentImpl.kt:40)
	at styled.compiler.plugins.kotlin.CssIrGenerationExtension.generate(CssIrGenerationExtension.kt:69)
	at org.jetbrains.kotlin.ir.backend.js.KlibKt.generateModuleFragmentWithPlugins$lambda-24(klib.kt:450)
	at org.jetbrains.kotlin.psi2ir.Psi2IrTranslator.generateModuleFragment(Psi2IrTranslator.kt:88)
	at org.jetbrains.kotlin.ir.backend.js.KlibKt.generateModuleFragmentWithPlugins(klib.kt:455)
	at org.jetbrains.kotlin.ir.backend.js.KlibKt.generateKLib(klib.kt:189)
	at org.jetbrains.kotlin.ir.backend.js.KlibKt.generateKLib$default(klib.kt:122)
	at org.jetbrains.kotlin.cli.js.K2JsIrCompiler.doExecute(K2JsIrCompiler.kt:264)
	at org.jetbrains.kotlin.cli.js.K2JSCompiler.doExecute(K2JSCompiler.java:178)
	at org.jetbrains.kotlin.cli.js.K2JSCompiler.doExecute(K2JSCompiler.java:71)
	at org.jetbrains.kotlin.cli.common.CLICompiler.execImpl(CLICompiler.kt:92)
	at org.jetbrains.kotlin.cli.common.CLICompiler.execImpl(CLICompiler.kt:44)
	at org.jetbrains.kotlin.cli.common.CLITool.exec(CLITool.kt:98)
	at org.jetbrains.kotlin.incremental.IncrementalJsCompilerRunner.runCompiler(IncrementalJsCompilerRunner.kt:193)
	at org.jetbrains.kotlin.incremental.IncrementalJsCompilerRunner.runCompiler(IncrementalJsCompilerRunner.kt:78)
	at org.jetbrains.kotlin.incremental.IncrementalCompilerRunner.compileIncrementally(IncrementalCompilerRunner.kt:357)
	at org.jetbrains.kotlin.incremental.IncrementalCompilerRunner.compileIncrementally$default(IncrementalCompilerRunner.kt:299)
	at org.jetbrains.kotlin.incremental.IncrementalCompilerRunner.compileImpl$rebuild(IncrementalCompilerRunner.kt:118)
	at org.jetbrains.kotlin.incremental.IncrementalCompilerRunner.compileImpl(IncrementalCompilerRunner.kt:169)
	at org.jetbrains.kotlin.incremental.IncrementalCompilerRunner.compile(IncrementalCompilerRunner.kt:80)
	at org.jetbrains.kotlin.incremental.IncrementalCompilerRunner.compile$default(IncrementalCompilerRunner.kt:71)
	at org.jetbrains.kotlin.daemon.CompileServiceImplBase.execJsIncrementalCompiler(CompileServiceImpl.kt:564)
	at org.jetbrains.kotlin.daemon.CompileServiceImplBase.access$execJsIncrementalCompiler(CompileServiceImpl.kt:100)
	at org.jetbrains.kotlin.daemon.CompileServiceImpl.compile(CompileServiceImpl.kt:1802)
	at jdk.internal.reflect.GeneratedMethodAccessor100.invoke(Unknown Source)
	at java.base/jdk.internal.reflect.DelegatingMethodAccessorImpl.invoke(DelegatingMethodAccessorImpl.java:43)
	at java.base/java.lang.reflect.Method.invoke(Method.java:564)
	at java.rmi/sun.rmi.server.UnicastServerRef.dispatch(UnicastServerRef.java:359)
	at java.rmi/sun.rmi.transport.Transport$1.run(Transport.java:200)
	at java.rmi/sun.rmi.transport.Transport$1.run(Transport.java:197)
	at java.base/java.security.AccessController.doPrivileged(AccessController.java:691)
	at java.rmi/sun.rmi.transport.Transport.serviceCall(Transport.java:196)
	at java.rmi/sun.rmi.transport.tcp.TCPTransport.handleMessages(TCPTransport.java:587)
	at java.rmi/sun.rmi.transport.tcp.TCPTransport$ConnectionHandler.run0(TCPTransport.java:828)
	at java.rmi/sun.rmi.transport.tcp.TCPTransport$ConnectionHandler.lambda$run$0(TCPTransport.java:705)
	at java.base/java.security.AccessController.doPrivileged(AccessController.java:391)
	at java.rmi/sun.rmi.transport.tcp.TCPTransport$ConnectionHandler.run(TCPTransport.java:704)
	at java.base/java.util.concurrent.ThreadPoolExecutor.runWorker(ThreadPoolExecutor.java:1130)
	at java.base/java.util.concurrent.ThreadPoolExecutor$Worker.run(ThreadPoolExecutor.java:630)
	at java.base/java.lang.Thread.run(Thread.java:832)

Get value $this$css org.jetbrains.kotlin.ir.declarations.persistent.PersistentIrValueParameter@8a4270 GET_VAR '$this$css: kotlinx.css.CssBuilder declared in <root>.Welcome.render.<anonymous>.<anonymous>' type=kotlinx.css.CssBuilder origin=null
 
Get value $this$css org.jetbrains.kotlin.ir.declarations.persistent.PersistentIrValueParameter@8a4276 GET_VAR '$this$css: kotlinx.css.CssBuilder declared in <root>.Welcome.render.<anonymous>.<anonymous>' type=kotlinx.css.CssBuilder origin=null
 
Get value <this> org.jetbrains.kotlin.ir.declarations.persistent.PersistentIrValueParameter@8a42d0 GET_VAR '<this>: <root>.WelcomeStyles declared in <root>.WelcomeStyles' type=<root>.WelcomeStyles origin=null
 
Get value <this> org.jetbrains.kotlin.ir.declarations.persistent.PersistentIrValueParameter@8a42d0 GET_VAR '<this>: <root>.WelcomeStyles declared in <root>.WelcomeStyles' type=<root>.WelcomeStyles origin=null
 
saving variable textContainer$delegate org.jetbrains.kotlin.ir.declarations.persistent.PersistentIrField@8a42d4 null
Get value <this> org.jetbrains.kotlin.ir.declarations.persistent.PersistentIrValueParameter@8a42d0 GET_VAR '<this>: <root>.WelcomeStyles declared in <root>.WelcomeStyles' type=<root>.WelcomeStyles origin=null
 
Get value <this> org.jetbrains.kotlin.ir.declarations.persistent.PersistentIrValueParameter@8a42d0 GET_VAR '<this>: <root>.WelcomeStyles declared in <root>.WelcomeStyles' type=<root>.WelcomeStyles origin=null
 
saving variable textInput$delegate org.jetbrains.kotlin.ir.declarations.persistent.PersistentIrField@8a42de null
Get value <this> org.jetbrains.kotlin.ir.declarations.persistent.PersistentIrValueParameter@8a42d0 GET_VAR '<this>: <root>.WelcomeStyles declared in <root>.WelcomeStyles' type=<root>.WelcomeStyles origin=null
 
Get value <this> org.jetbrains.kotlin.ir.declarations.persistent.PersistentIrValueParameter@8a42d0 GET_VAR '<this>: <root>.WelcomeStyles declared in <root>.WelcomeStyles' type=<root>.WelcomeStyles origin=null
 
saving variable textProperty$delegate org.jetbrains.kotlin.ir.declarations.persistent.PersistentIrField@8a42e8 null
Get value $this$css org.jetbrains.kotlin.ir.declarations.persistent.PersistentIrValueParameter@8a42d6 GET_VAR '$this$css: kotlinx.css.CssBuilder declared in <root>.WelcomeStyles.textContainer$delegate.<anonymous>' type=kotlinx.css.CssBuilder origin=null
 
Get value $this$css org.jetbrains.kotlin.ir.declarations.persistent.PersistentIrValueParameter@8a42d6 GET_VAR '$this$css: kotlinx.css.CssBuilder declared in <root>.WelcomeStyles.textContainer$delegate.<anonymous>' type=kotlinx.css.CssBuilder origin=null
 
Get value $this$css org.jetbrains.kotlin.ir.declarations.persistent.PersistentIrValueParameter@8a42d6 GET_VAR '$this$css: kotlinx.css.CssBuilder declared in <root>.WelcomeStyles.textContainer$delegate.<anonymous>' type=kotlinx.css.CssBuilder origin=null
 
Get value $this$css org.jetbrains.kotlin.ir.declarations.persistent.PersistentIrValueParameter@8a42d6 GET_VAR '$this$css: kotlinx.css.CssBuilder declared in <root>.WelcomeStyles.textContainer$delegate.<anonymous>' type=kotlinx.css.CssBuilder origin=null
 
Get value $this$css org.jetbrains.kotlin.ir.declarations.persistent.PersistentIrValueParameter@8a42e0 GET_VAR '$this$css: kotlinx.css.CssBuilder declared in <root>.WelcomeStyles.textInput$delegate.<anonymous>' type=kotlinx.css.CssBuilder origin=null
 
Get value $this$css org.jetbrains.kotlin.ir.declarations.persistent.PersistentIrValueParameter@8a42e0 GET_VAR '$this$css: kotlinx.css.CssBuilder declared in <root>.WelcomeStyles.textInput$delegate.<anonymous>' type=kotlinx.css.CssBuilder origin=null
 
Get value $this$css org.jetbrains.kotlin.ir.declarations.persistent.PersistentIrValueParameter@8a42e0 GET_VAR '$this$css: kotlinx.css.CssBuilder declared in <root>.WelcomeStyles.textInput$delegate.<anonymous>' type=kotlinx.css.CssBuilder origin=null
 
Get value $this$css org.jetbrains.kotlin.ir.declarations.persistent.PersistentIrValueParameter@8a42e0 GET_VAR '$this$css: kotlinx.css.CssBuilder declared in <root>.WelcomeStyles.textInput$delegate.<anonymous>' type=kotlinx.css.CssBuilder origin=null
 
Get value $this$css org.jetbrains.kotlin.ir.declarations.persistent.PersistentIrValueParameter@8a42ea GET_VAR '$this$css: kotlinx.css.CssBuilder declared in <root>.WelcomeStyles.textProperty$delegate.<anonymous>' type=kotlinx.css.CssBuilder origin=null
 
/Users/Konstantin.Tretiakov/JB/plugin/src/main/resources/index.css
